<?xml version="1.0" encoding="UTF-8"?>
<!-- Generated by org.testng.reporters.JUnitReportReporter -->
<testsuite hostname="PAVANKUMAR" failures="0" tests="4" name="com.qa.grocery.Test01" time="17.243" errors="0" timestamp="2025-02-12T10:43:44 IST" skipped="0">
  <testcase classname="com.qa.grocery.Test01" name="method3" time="1.319"/>
  <testcase classname="com.qa.grocery.Test01" name="method1" time="7.775"/>
  <testcase classname="com.qa.grocery.Test01" name="method" time="2.982"/>
  <testcase classname="com.qa.grocery.Test01" name="method2" time="5.167"/>
</testsuite> <!-- com.qa.grocery.Test01 -->
